[35m[1mScanning dependencies of target dmp[0m
[35m[1mScanning dependencies of target _dmp_generate_messages_check_deps_LearnDMPFromDemo[0m
[35m[1mScanning dependencies of target _dmp_generate_messages_check_deps_DMPData[0m
[35m[1mScanning dependencies of target _dmp_generate_messages_check_deps_GetDMPPlan[0m
[35m[1mScanning dependencies of target _dmp_generate_messages_check_deps_DMPPoint[0m
[35m[1mScanning dependencies of target _dmp_generate_messages_check_deps_SetActiveDMP[0m
[35m[1mScanning dependencies of target _dmp_generate_messages_check_deps_DMPTraj[0m
[  0%] Built target _dmp_generate_messages_check_deps_SetActiveDMP
[  0%] Built target _dmp_generate_messages_check_deps_DMPPoint
[  0%] Built target _dmp_generate_messages_check_deps_GetDMPPlan
[  0%] Built target _dmp_generate_messages_check_deps_LearnDMPFromDemo
[  0%] Built target _dmp_generate_messages_check_deps_DMPData
[  0%] Built target _dmp_generate_messages_check_deps_DMPTraj
[35m[1mScanning dependencies of target dmp_generate_messages_nodejs[0m
[35m[1mScanning dependencies of target dmp_generate_messages_eus[0m
[35m[1mScanning dependencies of target dmp_generate_messages_py[0m
[35m[1mScanning dependencies of target dmp_generate_messages_lisp[0m
[35m[1mScanning dependencies of target dmp_generate_messages_cpp[0m
[ 10%] [34m[1mGenerating EusLisp code from dmp/DMPData.msg[0m
[ 10%] [34m[1mGenerating Javascript code from dmp/DMPData.msg[0m
[ 10%] [34m[1mGenerating Python from MSG dmp/DMPPoint[0m
[ 12%] [34m[1mGenerating Python from MSG dmp/DMPData[0m
[ 15%] [34m[1mGenerating Lisp code from dmp/DMPData.msg[0m
[ 15%] [34m[1mGenerating Javascript code from dmp/DMPPoint.msg[0m
[ 17%] [34m[1mGenerating C++ code from dmp/DMPData.msg[0m
[ 20%] [34m[1mGenerating Lisp code from dmp/DMPPoint.msg[0m
[ 22%] [34m[1mGenerating C++ code from dmp/DMPPoint.msg[0m
[ 25%] [34m[1mGenerating Javascript code from dmp/DMPTraj.msg[0m
[ 27%] [34m[1mGenerating EusLisp code from dmp/DMPPoint.msg[0m
[ 30%] [34m[1mGenerating Lisp code from dmp/DMPTraj.msg[0m
[ 32%] [34m[1mGenerating Javascript code from dmp/GetDMPPlan.srv[0m
[ 35%] [34m[1mGenerating C++ code from dmp/DMPTraj.msg[0m
[ 37%] [34m[1mGenerating EusLisp code from dmp/DMPTraj.msg[0m
[ 40%] [34m[1mGenerating Python from MSG dmp/DMPTraj[0m
[ 42%] [34m[1mGenerating Lisp code from dmp/GetDMPPlan.srv[0m
[ 45%] [34m[1mGenerating Javascript code from dmp/LearnDMPFromDemo.srv[0m
[ 47%] [34m[1mGenerating C++ code from dmp/GetDMPPlan.srv[0m
[ 50%] [34m[1mGenerating Lisp code from dmp/LearnDMPFromDemo.srv[0m
[ 52%] [34m[1mGenerating EusLisp code from dmp/GetDMPPlan.srv[0m
[ 55%] [34m[1mGenerating Javascript code from dmp/SetActiveDMP.srv[0m
[ 57%] [34m[1mGenerating Lisp code from dmp/SetActiveDMP.srv[0m
[ 57%] Built target dmp_generate_messages_nodejs
[ 60%] [34m[1mGenerating EusLisp code from dmp/LearnDMPFromDemo.srv[0m
[ 62%] [34m[1mGenerating EusLisp code from dmp/SetActiveDMP.srv[0m
[ 62%] Built target dmp_generate_messages_lisp
[ 65%] [34m[1mGenerating EusLisp manifest code for dmp[0m
[ 67%] [34m[1mGenerating C++ code from dmp/LearnDMPFromDemo.srv[0m
[ 70%] [34m[1mGenerating C++ code from dmp/SetActiveDMP.srv[0m
[ 72%] [34m[1mGenerating Python code from SRV dmp/GetDMPPlan[0m
[ 75%] [34m[1mGenerating Python code from SRV dmp/LearnDMPFromDemo[0m
[ 75%] Built target dmp_generate_messages_cpp
[ 77%] [34m[1mGenerating Python code from SRV dmp/SetActiveDMP[0m
[ 80%] [32mBuilding CXX object CMakeFiles/dmp.dir/src/dmp.cpp.o[0m
[ 85%] [32mBuilding CXX object CMakeFiles/dmp.dir/src/fourier_approx.cpp.o[0m
[ 85%] [32mBuilding CXX object CMakeFiles/dmp.dir/src/radial_approx.cpp.o[0m
[ 87%] [32mBuilding CXX object CMakeFiles/dmp.dir/src/linear_approx.cpp.o[0m
[ 90%] [34m[1mGenerating Python srv __init__.py for dmp[0m
[ 92%] [34m[1mGenerating Python msg __init__.py for dmp[0m
[ 92%] Built target dmp_generate_messages_py
[ 92%] Built target dmp_generate_messages_eus
[35m[1mScanning dependencies of target dmp_generate_messages[0m
[ 92%] Built target dmp_generate_messages
[ 95%] [32m[1mLinking CXX shared library /home/abril/catkin_ws/devel/.private/dmp/lib/libdmp.so[0m
[ 95%] Built target dmp
[35m[1mScanning dependencies of target dmp_server[0m
[ 97%] [32mBuilding CXX object CMakeFiles/dmp_server.dir/nodes/dmp_server.cpp.o[0m
[100%] [32m[1mLinking CXX executable /home/abril/catkin_ws/devel/.private/dmp/lib/dmp/dmp_server[0m
[100%] Built target dmp_server
