Symlinking /home/abril/catkin_ws/devel/lib/libdmp.so
Symlinking /home/abril/catkin_ws/devel/lib/pkgconfig/dmp.pc
Symlinking /home/abril/catkin_ws/devel/lib/dmp/dmp_server
Symlinking /home/abril/catkin_ws/devel/lib/python3/dist-packages/dmp/__init__.py
Symlinking /home/abril/catkin_ws/devel/lib/python3/dist-packages/dmp/srv/_LearnDMPFromDemo.py
Symlinking /home/abril/catkin_ws/devel/lib/python3/dist-packages/dmp/srv/_GetDMPPlan.py
Symlinking /home/abril/catkin_ws/devel/lib/python3/dist-packages/dmp/srv/_SetActiveDMP.py
Symlinking /home/abril/catkin_ws/devel/lib/python3/dist-packages/dmp/srv/__init__.py
Symlinking /home/abril/catkin_ws/devel/lib/python3/dist-packages/dmp/msg/_DMPData.py
Symlinking /home/abril/catkin_ws/devel/lib/python3/dist-packages/dmp/msg/_DMPTraj.py
Symlinking /home/abril/catkin_ws/devel/lib/python3/dist-packages/dmp/msg/__init__.py
Symlinking /home/abril/catkin_ws/devel/lib/python3/dist-packages/dmp/msg/_DMPPoint.py
Symlinking /home/abril/catkin_ws/devel/share/common-lisp/ros/dmp/srv/SetActiveDMP.lisp
Symlinking /home/abril/catkin_ws/devel/share/common-lisp/ros/dmp/srv/_package_GetDMPPlan.lisp
Symlinking /home/abril/catkin_ws/devel/share/common-lisp/ros/dmp/srv/_package_LearnDMPFromDemo.lisp
Symlinking /home/abril/catkin_ws/devel/share/common-lisp/ros/dmp/srv/_package.lisp
Symlinking /home/abril/catkin_ws/devel/share/common-lisp/ros/dmp/srv/LearnDMPFromDemo.lisp
Symlinking /home/abril/catkin_ws/devel/share/common-lisp/ros/dmp/srv/dmp-srv.asd
Symlinking /home/abril/catkin_ws/devel/share/common-lisp/ros/dmp/srv/GetDMPPlan.lisp
Symlinking /home/abril/catkin_ws/devel/share/common-lisp/ros/dmp/srv/_package_SetActiveDMP.lisp
Symlinking /home/abril/catkin_ws/devel/share/common-lisp/ros/dmp/msg/dmp-msg.asd
Symlinking /home/abril/catkin_ws/devel/share/common-lisp/ros/dmp/msg/_package_DMPPoint.lisp
Symlinking /home/abril/catkin_ws/devel/share/common-lisp/ros/dmp/msg/_package_DMPData.lisp
Symlinking /home/abril/catkin_ws/devel/share/common-lisp/ros/dmp/msg/_package_DMPTraj.lisp
Symlinking /home/abril/catkin_ws/devel/share/common-lisp/ros/dmp/msg/DMPData.lisp
Symlinking /home/abril/catkin_ws/devel/share/common-lisp/ros/dmp/msg/DMPPoint.lisp
Symlinking /home/abril/catkin_ws/devel/share/common-lisp/ros/dmp/msg/DMPTraj.lisp
Symlinking /home/abril/catkin_ws/devel/share/common-lisp/ros/dmp/msg/_package.lisp
Symlinking /home/abril/catkin_ws/devel/share/gennodejs/ros/dmp/_index.js
Symlinking /home/abril/catkin_ws/devel/share/gennodejs/ros/dmp/srv/SetActiveDMP.js
Symlinking /home/abril/catkin_ws/devel/share/gennodejs/ros/dmp/srv/_index.js
Symlinking /home/abril/catkin_ws/devel/share/gennodejs/ros/dmp/srv/LearnDMPFromDemo.js
Symlinking /home/abril/catkin_ws/devel/share/gennodejs/ros/dmp/srv/GetDMPPlan.js
Symlinking /home/abril/catkin_ws/devel/share/gennodejs/ros/dmp/msg/DMPPoint.js
Symlinking /home/abril/catkin_ws/devel/share/gennodejs/ros/dmp/msg/DMPData.js
Symlinking /home/abril/catkin_ws/devel/share/gennodejs/ros/dmp/msg/_index.js
Symlinking /home/abril/catkin_ws/devel/share/gennodejs/ros/dmp/msg/DMPTraj.js
Symlinking /home/abril/catkin_ws/devel/share/dmp/cmake/dmp-msg-extras.cmake
Symlinking /home/abril/catkin_ws/devel/share/dmp/cmake/dmp-msg-paths.cmake
Symlinking /home/abril/catkin_ws/devel/share/dmp/cmake/dmpConfig.cmake
Symlinking /home/abril/catkin_ws/devel/share/dmp/cmake/dmpConfig-version.cmake
Symlinking /home/abril/catkin_ws/devel/share/roseus/ros/dmp/manifest.l
Symlinking /home/abril/catkin_ws/devel/share/roseus/ros/dmp/srv/LearnDMPFromDemo.l
Symlinking /home/abril/catkin_ws/devel/share/roseus/ros/dmp/srv/GetDMPPlan.l
Symlinking /home/abril/catkin_ws/devel/share/roseus/ros/dmp/srv/SetActiveDMP.l
Symlinking /home/abril/catkin_ws/devel/share/roseus/ros/dmp/msg/DMPData.l
Symlinking /home/abril/catkin_ws/devel/share/roseus/ros/dmp/msg/DMPTraj.l
Symlinking /home/abril/catkin_ws/devel/share/roseus/ros/dmp/msg/DMPPoint.l
Symlinking /home/abril/catkin_ws/devel/include/dmp/DMPTraj.h
Symlinking /home/abril/catkin_ws/devel/include/dmp/DMPPoint.h
Symlinking /home/abril/catkin_ws/devel/include/dmp/LearnDMPFromDemoResponse.h
Symlinking /home/abril/catkin_ws/devel/include/dmp/GetDMPPlanRequest.h
Symlinking /home/abril/catkin_ws/devel/include/dmp/SetActiveDMPResponse.h
Symlinking /home/abril/catkin_ws/devel/include/dmp/GetDMPPlan.h
Symlinking /home/abril/catkin_ws/devel/include/dmp/SetActiveDMP.h
Symlinking /home/abril/catkin_ws/devel/include/dmp/LearnDMPFromDemoRequest.h
Symlinking /home/abril/catkin_ws/devel/include/dmp/DMPData.h
Symlinking /home/abril/catkin_ws/devel/include/dmp/SetActiveDMPRequest.h
Symlinking /home/abril/catkin_ws/devel/include/dmp/GetDMPPlanResponse.h
Symlinking /home/abril/catkin_ws/devel/include/dmp/LearnDMPFromDemo.h
